<?xml version="1.0" encoding="UTF-8"?>
<testng-results ignored="0" total="1" passed="1" failed="0" skipped="0">
  <reporter-output>
  </reporter-output>
  <suite started-at="2021-09-01T22:11:46Z" name="Login Smoke Suite" finished-at="2021-09-01T22:11:56Z" duration-ms="10127">
    <groups>
    </groups>
    <test started-at="2021-09-01T22:11:46Z" name="Smoke Test Automation" finished-at="2021-09-01T22:11:56Z" duration-ms="10127">
      <class name="tests.PricingRequestTest">
        <test-method is-config="true" signature="beforeTestMethod()[pri:0, instance:tests.PricingRequestTest@214b199c]" started-at="2021-09-01T22:11:46Z" name="beforeTestMethod" finished-at="2021-09-01T22:11:46Z" duration-ms="140" status="PASS">
          <reporter-output>
          </reporter-output>
        </test-method> <!-- beforeTestMethod -->
        <test-method is-config="true" signature="beforeMethodMethod(java.lang.String, java.lang.reflect.Method)[pri:0, instance:tests.PricingRequestTest@214b199c]" started-at="2021-09-01T22:11:46Z" name="beforeMethodMethod" finished-at="2021-09-01T22:11:54Z" duration-ms="7840" status="PASS">
          <params>
            <param index="0">
              <value>
                <![CDATA[chrome]]>
              </value>
            </param>
            <param index="1">
              <value>
                <![CDATA[public void tests.PricingRequestTest.completeRequestForPricing()]]>
              </value>
            </param>
          </params>
          <reporter-output>
          </reporter-output>
        </test-method> <!-- beforeMethodMethod -->
        <test-method signature="completeRequestForPricing()[pri:0, instance:tests.PricingRequestTest@214b199c]" started-at="2021-09-01T22:11:54Z" name="completeRequestForPricing" finished-at="2021-09-01T22:11:55Z" duration-ms="1739" status="PASS">
          <reporter-output>
          </reporter-output>
        </test-method> <!-- completeRequestForPricing -->
        <test-method is-config="true" signature="afterMethodMethod(org.testng.ITestResult)[pri:0, instance:tests.PricingRequestTest@214b199c]" started-at="2021-09-01T22:11:55Z" name="afterMethodMethod" finished-at="2021-09-01T22:11:56Z" duration-ms="187" status="PASS">
          <params>
            <param index="0">
              <value>
                <![CDATA[[TestResult name=completeRequestForPricing status=SUCCESS method=PricingRequestTest.completeRequestForPricing()[pri:0, instance:tests.PricingRequestTest@214b199c] output={null}]]]>
              </value>
            </param>
          </params>
          <reporter-output>
          </reporter-output>
        </test-method> <!-- afterMethodMethod -->
        <test-method is-config="true" signature="afterTestMethod()[pri:0, instance:tests.PricingRequestTest@214b199c]" started-at="2021-09-01T22:11:56Z" name="afterTestMethod" finished-at="2021-09-01T22:11:56Z" duration-ms="208" status="PASS">
          <reporter-output>
          </reporter-output>
        </test-method> <!-- afterTestMethod -->
      </class> <!-- tests.PricingRequestTest -->
    </test> <!-- Smoke Test Automation -->
  </suite> <!-- Login Smoke Suite -->
</testng-results>
